Started by user admin
Running as SYSTEM
Building in workspace /var/jenkins_home/workspace/eCommerce
The recommended git tool is: NONE
No credentials specified
 > git rev-parse --is-inside-work-tree # timeout=10
Fetching changes from the remote Git repository
 > git config remote.origin.url https://github.com/ilya-lebedev/eCommerce # timeout=10
Fetching upstream changes from https://github.com/ilya-lebedev/eCommerce
 > git --version # timeout=10
 > git --version # 'git version 2.26.2'
 > git fetch --tags --force --progress -- https://github.com/ilya-lebedev/eCommerce +refs/heads/*:refs/remotes/origin/* # timeout=10
 > git rev-parse refs/remotes/origin/master^{commit} # timeout=10
 > git rev-parse refs/remotes/origin/origin/master^{commit} # timeout=10
Checking out Revision 890aea0beafc6810f45ddf773f47c15028d85824 (refs/remotes/origin/master)
 > git config core.sparsecheckout # timeout=10
 > git checkout -f 890aea0beafc6810f45ddf773f47c15028d85824 # timeout=10
Commit message: "feat: Add lombok dependency"
 > git rev-list --no-walk 890aea0beafc6810f45ddf773f47c15028d85824 # timeout=10
[eCommerce] $ /var/jenkins_home/tools/hudson.tasks.Maven_MavenInstallation/Maven/bin/mvn -f pom.xml package
[INFO] Scanning for projects...
[INFO] 
[INFO] -----------------------< com.example:e-commerce >-----------------------
[INFO] Building e-commerce 0.0.1-SNAPSHOT
[INFO] --------------------------------[ jar ]---------------------------------
[INFO] 
[INFO] --- maven-resources-plugin:3.1.0:resources (default-resources) @ e-commerce ---
[INFO] Using 'UTF-8' encoding to copy filtered resources.
[INFO] Copying 1 resource
[INFO] Copying 1 resource
[INFO] 
[INFO] --- maven-compiler-plugin:3.8.1:compile (default-compile) @ e-commerce ---
[INFO] Nothing to compile - all classes are up to date
[INFO] 
[INFO] --- maven-resources-plugin:3.1.0:testResources (default-testResources) @ e-commerce ---
[INFO] Using 'UTF-8' encoding to copy filtered resources.
[INFO] skip non existing resourceDirectory /var/jenkins_home/workspace/eCommerce/src/test/resources
[INFO] 
[INFO] --- maven-compiler-plugin:3.8.1:testCompile (default-testCompile) @ e-commerce ---
[INFO] Nothing to compile - all classes are up to date
[INFO] 
[INFO] --- maven-surefire-plugin:2.22.2:test (default-test) @ e-commerce ---
[INFO] 
[INFO] -------------------------------------------------------
[INFO]  T E S T S
[INFO] -------------------------------------------------------
[INFO] Running com.example.ecommerce.ECommerceApplicationTests
12:43:45.845 [main] DEBUG org.springframework.test.context.junit4.SpringJUnit4ClassRunner - SpringJUnit4ClassRunner constructor called with [class com.example.ecommerce.ECommerceApplicationTests]
12:43:45.861 [main] DEBUG org.springframework.test.context.BootstrapUtils - Instantiating CacheAwareContextLoaderDelegate from class [org.springframework.test.context.cache.DefaultCacheAwareContextLoaderDelegate]
12:43:45.877 [main] DEBUG org.springframework.test.context.BootstrapUtils - Instantiating BootstrapContext using constructor [public org.springframework.test.context.support.DefaultBootstrapContext(java.lang.Class,org.springframework.test.context.CacheAwareContextLoaderDelegate)]
12:43:45.913 [main] DEBUG org.springframework.test.context.BootstrapUtils - Instantiating TestContextBootstrapper for test class [com.example.ecommerce.ECommerceApplicationTests] from class [org.springframework.boot.test.context.SpringBootTestContextBootstrapper]
12:43:45.940 [main] INFO org.springframework.boot.test.context.SpringBootTestContextBootstrapper - Neither @ContextConfiguration nor @ContextHierarchy found for test class [com.example.ecommerce.ECommerceApplicationTests], using SpringBootContextLoader
12:43:45.951 [main] DEBUG org.springframework.test.context.support.AbstractContextLoader - Did not detect default resource location for test class [com.example.ecommerce.ECommerceApplicationTests]: class path resource [com/example/ecommerce/ECommerceApplicationTests-context.xml] does not exist
12:43:45.953 [main] DEBUG org.springframework.test.context.support.AbstractContextLoader - Did not detect default resource location for test class [com.example.ecommerce.ECommerceApplicationTests]: class path resource [com/example/ecommerce/ECommerceApplicationTestsContext.groovy] does not exist
12:43:45.953 [main] INFO org.springframework.test.context.support.AbstractContextLoader - Could not detect default resource locations for test class [com.example.ecommerce.ECommerceApplicationTests]: no resource found for suffixes {-context.xml, Context.groovy}.
12:43:45.954 [main] INFO org.springframework.test.context.support.AnnotationConfigContextLoaderUtils - Could not detect default configuration classes for test class [com.example.ecommerce.ECommerceApplicationTests]: ECommerceApplicationTests does not declare any static, non-private, non-final, nested classes annotated with @Configuration.
12:43:46.067 [main] DEBUG org.springframework.test.context.support.ActiveProfilesUtils - Could not find an 'annotation declaring class' for annotation type [org.springframework.test.context.ActiveProfiles] and class [com.example.ecommerce.ECommerceApplicationTests]
12:43:46.243 [main] DEBUG org.springframework.context.annotation.ClassPathScanningCandidateComponentProvider - Identified candidate component class: file [/var/jenkins_home/workspace/eCommerce/target/classes/com/example/ecommerce/ECommerceApplication.class]
12:43:46.246 [main] INFO org.springframework.boot.test.context.SpringBootTestContextBootstrapper - Found @SpringBootConfiguration com.example.ecommerce.ECommerceApplication for test class com.example.ecommerce.ECommerceApplicationTests
12:43:46.434 [main] DEBUG org.springframework.boot.test.context.SpringBootTestContextBootstrapper - @TestExecutionListeners is not present for class [com.example.ecommerce.ECommerceApplicationTests]: using defaults.
12:43:46.436 [main] INFO org.springframework.boot.test.context.SpringBootTestContextBootstrapper - Loaded default TestExecutionListener class names from location [META-INF/spring.factories]: [org.springframework.boot.test.mock.mockito.MockitoTestExecutionListener, org.springframework.boot.test.mock.mockito.ResetMocksTestExecutionListener, org.springframework.boot.test.autoconfigure.restdocs.RestDocsTestExecutionListener, org.springframework.boot.test.autoconfigure.web.client.MockRestServiceServerResetTestExecutionListener, org.springframework.boot.test.autoconfigure.web.servlet.MockMvcPrintOnlyOnFailureTestExecutionListener, org.springframework.boot.test.autoconfigure.web.servlet.WebDriverTestExecutionListener, org.springframework.test.context.web.ServletTestExecutionListener, org.springframework.test.context.support.DirtiesContextBeforeModesTestExecutionListener, org.springframework.test.context.support.DependencyInjectionTestExecutionListener, org.springframework.test.context.support.DirtiesContextTestExecutionListener, org.springframework.test.context.transaction.TransactionalTestExecutionListener, org.springframework.test.context.jdbc.SqlScriptsTestExecutionListener, org.springframework.security.test.context.support.WithSecurityContextTestExecutionListener, org.springframework.security.test.context.support.ReactorContextTestExecutionListener]
12:43:46.485 [main] INFO org.springframework.boot.test.context.SpringBootTestContextBootstrapper - Using TestExecutionListeners: [org.springframework.test.context.web.ServletTestExecutionListener@5158b42f, org.springframework.test.context.support.DirtiesContextBeforeModesTestExecutionListener@595b007d, org.springframework.boot.test.mock.mockito.MockitoTestExecutionListener@72d1ad2e, org.springframework.boot.test.autoconfigure.SpringBootDependencyInjectionTestExecutionListener@2d7275fc, org.springframework.test.context.support.DirtiesContextTestExecutionListener@399f45b1, org.springframework.test.context.transaction.TransactionalTestExecutionListener@38c6f217, org.springframework.test.context.jdbc.SqlScriptsTestExecutionListener@478190fc, org.springframework.security.test.context.support.WithSecurityContextTestExecutionListener@79e2c065, org.springframework.security.test.context.support.ReactorContextTestExecutionListener@3a93b025, org.springframework.boot.test.mock.mockito.ResetMocksTestExecutionListener@35cabb2a, org.springframework.boot.test.autoconfigure.restdocs.RestDocsTestExecutionListener@7e07db1f, org.springframework.boot.test.autoconfigure.web.client.MockRestServiceServerResetTestExecutionListener@1189dd52, org.springframework.boot.test.autoconfigure.web.servlet.MockMvcPrintOnlyOnFailureTestExecutionListener@36bc55de, org.springframework.boot.test.autoconfigure.web.servlet.WebDriverTestExecutionListener@564fabc8]
12:43:46.489 [main] DEBUG org.springframework.test.annotation.ProfileValueUtils - Retrieved @ProfileValueSourceConfiguration [null] for test class [com.example.ecommerce.ECommerceApplicationTests]
12:43:46.490 [main] DEBUG org.springframework.test.annotation.ProfileValueUtils - Retrieved ProfileValueSource type [class org.springframework.test.annotation.SystemProfileValueSource] for class [com.example.ecommerce.ECommerceApplicationTests]
12:43:46.492 [main] DEBUG org.springframework.test.annotation.ProfileValueUtils - Retrieved @ProfileValueSourceConfiguration [null] for test class [com.example.ecommerce.ECommerceApplicationTests]
12:43:46.492 [main] DEBUG org.springframework.test.annotation.ProfileValueUtils - Retrieved ProfileValueSource type [class org.springframework.test.annotation.SystemProfileValueSource] for class [com.example.ecommerce.ECommerceApplicationTests]
12:43:46.493 [main] DEBUG org.springframework.test.annotation.ProfileValueUtils - Retrieved @ProfileValueSourceConfiguration [null] for test class [com.example.ecommerce.ECommerceApplicationTests]
12:43:46.493 [main] DEBUG org.springframework.test.annotation.ProfileValueUtils - Retrieved ProfileValueSource type [class org.springframework.test.annotation.SystemProfileValueSource] for class [com.example.ecommerce.ECommerceApplicationTests]
12:43:46.505 [main] DEBUG org.springframework.test.context.support.AbstractDirtiesContextTestExecutionListener - Before test class: context [DefaultTestContext@35e2d654 testClass = ECommerceApplicationTests, testInstance = [null], testMethod = [null], testException = [null], mergedContextConfiguration = [WebMergedContextConfiguration@1bd4fdd testClass = ECommerceApplicationTests, locations = '{}', classes = '{class com.example.ecommerce.ECommerceApplication}', contextInitializerClasses = '[]', activeProfiles = '{}', propertySourceLocations = '{}', propertySourceProperties = '{org.springframework.boot.test.context.SpringBootTestContextBootstrapper=true}', contextCustomizers = set[org.springframework.boot.test.context.filter.ExcludeFilterContextCustomizer@34cd072c, org.springframework.boot.test.json.DuplicateJsonObjectContextCustomizerFactory$DuplicateJsonObjectContextCustomizer@528931cf, org.springframework.boot.test.mock.mockito.MockitoContextCustomizer@0, org.springframework.boot.test.web.client.TestRestTemplateContextCustomizer@1a8a8f7c, org.springframework.boot.test.autoconfigure.properties.PropertyMappingContextCustomizer@0, org.springframework.boot.test.autoconfigure.web.servlet.WebDriverContextCustomizerFactory$Customizer@7ce6a65d], resourceBasePath = 'src/main/webapp', contextLoader = 'org.springframework.boot.test.context.SpringBootContextLoader', parent = [null]], attributes = map['org.springframework.test.context.web.ServletTestExecutionListener.activateListener' -> true]], class annotated with @DirtiesContext [false] with mode [null].
12:43:46.510 [main] DEBUG org.springframework.test.annotation.ProfileValueUtils - Retrieved @ProfileValueSourceConfiguration [null] for test class [com.example.ecommerce.ECommerceApplicationTests]
12:43:46.512 [main] DEBUG org.springframework.test.annotation.ProfileValueUtils - Retrieved ProfileValueSource type [class org.springframework.test.annotation.SystemProfileValueSource] for class [com.example.ecommerce.ECommerceApplicationTests]
12:43:46.558 [main] DEBUG org.springframework.test.context.support.TestPropertySourceUtils - Adding inlined properties to environment: {spring.jmx.enabled=false, org.springframework.boot.test.context.SpringBootTestContextBootstrapper=true, server.port=-1}

  .   ____          _            __ _ _
 /\\ / ___'_ __ _ _(_)_ __  __ _ \ \ \ \
( ( )\___ | '_ | '_| | '_ \/ _` | \ \ \ \
 \\/  ___)| |_)| | | | | || (_| |  ) ) ) )
  '  |____| .__|_| |_|_| |_\__, | / / / /
 =========|_|==============|___/=/_/_/_/
 :: Spring Boot ::        (v2.1.5.RELEASE)

2020-09-10 12:43:47.079  INFO 2681 --- [           main] c.e.ecommerce.ECommerceApplicationTests  : Starting ECommerceApplicationTests on 74ed105f3526 with PID 2681 (started by jenkins in /var/jenkins_home/workspace/eCommerce)
2020-09-10 12:43:47.085  INFO 2681 --- [           main] c.e.ecommerce.ECommerceApplicationTests  : No active profile set, falling back to default profiles: default
2020-09-10 12:43:48.187  INFO 2681 --- [           main] .s.d.r.c.RepositoryConfigurationDelegate : Bootstrapping Spring Data repositories in DEFAULT mode.
2020-09-10 12:43:48.301  INFO 2681 --- [           main] .s.d.r.c.RepositoryConfigurationDelegate : Finished Spring Data repository scanning in 101ms. Found 4 repository interfaces.
2020-09-10 12:43:49.079  INFO 2681 --- [           main] trationDelegate$BeanPostProcessorChecker : Bean 'org.springframework.transaction.annotation.ProxyTransactionManagementConfiguration' of type [org.springframework.transaction.annotation.ProxyTransactionManagementConfiguration$$EnhancerBySpringCGLIB$$a284dede] is not eligible for getting processed by all BeanPostProcessors (for example: not eligible for auto-proxying)
2020-09-10 12:43:49.352  INFO 2681 --- [           main] com.zaxxer.hikari.HikariDataSource       : HikariPool-1 - Starting...
2020-09-10 12:43:49.697  INFO 2681 --- [           main] com.zaxxer.hikari.HikariDataSource       : HikariPool-1 - Start completed.
2020-09-10 12:43:49.886  INFO 2681 --- [           main] o.hibernate.jpa.internal.util.LogHelper  : HHH000204: Processing PersistenceUnitInfo [
	name: default
	...]
2020-09-10 12:43:50.015  INFO 2681 --- [           main] org.hibernate.Version                    : HHH000412: Hibernate Core {5.3.10.Final}
2020-09-10 12:43:50.019  INFO 2681 --- [           main] org.hibernate.cfg.Environment            : HHH000206: hibernate.properties not found
2020-09-10 12:43:50.315  INFO 2681 --- [           main] o.hibernate.annotations.common.Version   : HCANN000001: Hibernate Commons Annotations {5.0.4.Final}
2020-09-10 12:43:50.606  INFO 2681 --- [           main] org.hibernate.dialect.Dialect            : HHH000400: Using dialect: org.hibernate.dialect.H2Dialect
2020-09-10 12:43:52.129  INFO 2681 --- [           main] j.LocalContainerEntityManagerFactoryBean : Initialized JPA EntityManagerFactory for persistence unit 'default'
2020-09-10 12:43:53.465  WARN 2681 --- [           main] aWebConfiguration$JpaWebMvcConfiguration : spring.jpa.open-in-view is enabled by default. Therefore, database queries may be performed during view rendering. Explicitly configure spring.jpa.open-in-view to disable this warning
2020-09-10 12:43:53.645  INFO 2681 --- [           main] o.s.s.web.DefaultSecurityFilterChain     : Creating filter chain: any request, [org.springframework.security.web.context.request.async.WebAsyncManagerIntegrationFilter@5817f1ca, org.springframework.security.web.context.SecurityContextPersistenceFilter@67eeb310, org.springframework.security.web.header.HeaderWriterFilter@14be750c, org.springframework.web.filter.CorsFilter@2b395581, org.springframework.security.web.authentication.logout.LogoutFilter@5fb07347, com.example.ecommerce.security.JWTAuthenticationFilter@726a8729, com.example.ecommerce.security.JWTAuthenticationVerificationFilter@1a2724d3, org.springframework.security.web.savedrequest.RequestCacheAwareFilter@39ace1a7, org.springframework.security.web.servletapi.SecurityContextHolderAwareRequestFilter@27afbf14, org.springframework.security.web.authentication.AnonymousAuthenticationFilter@7dd91ffc, org.springframework.security.web.session.SessionManagementFilter@15e08615, org.springframework.security.web.access.ExceptionTranslationFilter@5563bb40, org.springframework.security.web.access.intercept.FilterSecurityInterceptor@7dd45c93]
2020-09-10 12:43:54.409  INFO 2681 --- [           main] o.s.s.concurrent.ThreadPoolTaskExecutor  : Initializing ExecutorService 'applicationTaskExecutor'
2020-09-10 12:43:54.762  INFO 2681 --- [           main] c.e.ecommerce.ECommerceApplicationTests  : Started ECommerceApplicationTests in 8.185 seconds (JVM running for 9.356)
[INFO] Tests run: 1, Failures: 0, Errors: 0, Skipped: 0, Time elapsed: 9.126 s - in com.example.ecommerce.ECommerceApplicationTests
[INFO] Running com.example.ecommerce.security.JWTAuthenticationFilterTest
[INFO] Tests run: 1, Failures: 0, Errors: 0, Skipped: 0, Time elapsed: 0.341 s - in com.example.ecommerce.security.JWTAuthenticationFilterTest
[INFO] Running com.example.ecommerce.security.JWTAuthenticationVerificationFilterTest
[INFO] Tests run: 2, Failures: 0, Errors: 0, Skipped: 0, Time elapsed: 0.03 s - in com.example.ecommerce.security.JWTAuthenticationVerificationFilterTest
[INFO] Running com.example.ecommerce.controllers.OrderControllerTest
[INFO] Tests run: 2, Failures: 0, Errors: 0, Skipped: 0, Time elapsed: 0.098 s - in com.example.ecommerce.controllers.OrderControllerTest
[INFO] Running com.example.ecommerce.controllers.ItemControllerTest
[INFO] Tests run: 3, Failures: 0, Errors: 0, Skipped: 0, Time elapsed: 0.037 s - in com.example.ecommerce.controllers.ItemControllerTest
[INFO] Running com.example.ecommerce.controllers.UserControllerTest
[INFO] Tests run: 3, Failures: 0, Errors: 0, Skipped: 0, Time elapsed: 0.053 s - in com.example.ecommerce.controllers.UserControllerTest
[INFO] Running com.example.ecommerce.controllers.CartControllerTest
[INFO] Tests run: 2, Failures: 0, Errors: 0, Skipped: 0, Time elapsed: 0.005 s - in com.example.ecommerce.controllers.CartControllerTest
2020-09-10 12:43:55.484  INFO 2681 --- [       Thread-3] o.s.s.concurrent.ThreadPoolTaskExecutor  : Shutting down ExecutorService 'applicationTaskExecutor'
2020-09-10 12:43:55.490  INFO 2681 --- [       Thread-3] j.LocalContainerEntityManagerFactoryBean : Closing JPA EntityManagerFactory for persistence unit 'default'
2020-09-10 12:43:55.493  INFO 2681 --- [       Thread-3] com.zaxxer.hikari.HikariDataSource       : HikariPool-1 - Shutdown initiated...
2020-09-10 12:43:55.501  INFO 2681 --- [       Thread-3] com.zaxxer.hikari.HikariDataSource       : HikariPool-1 - Shutdown completed.
[INFO] 
[INFO] Results:
[INFO] 
[INFO] Tests run: 14, Failures: 0, Errors: 0, Skipped: 0
[INFO] 
[INFO] 
[INFO] --- maven-jar-plugin:3.1.1:jar (default-jar) @ e-commerce ---
[INFO] Building jar: /var/jenkins_home/workspace/eCommerce/target/e-commerce-0.0.1-SNAPSHOT.jar
[INFO] 
[INFO] --- spring-boot-maven-plugin:2.1.5.RELEASE:repackage (repackage) @ e-commerce ---
[INFO] Replacing main artifact with repackaged archive
[INFO] ------------------------------------------------------------------------
[INFO] BUILD SUCCESS
[INFO] ------------------------------------------------------------------------
[INFO] Total time:  13.648 s
[INFO] Finished at: 2020-09-10T12:43:57Z
[INFO] ------------------------------------------------------------------------
Finished: SUCCESS